<?xml version="1.0" encoding="UTF-8"?>
<testsuite xmlns:xsi="http://www.w3.org/2001/XMLSchema-instance" xsi:noNamespaceSchemaLocation="https://maven.apache.org/surefire/maven-surefire-plugin/xsd/surefire-test-report.xsd" version="3.0.2" name="com.example.TaskMgmt.TaskMgmtApplicationTests" time="16.394" tests="1" errors="0" skipped="0" failures="0">
  <properties>
[...]
</properties>
  <testcase name="contextLoads" classname="com.example.TaskMgmt.TaskMgmtApplicationTests" time="2.223">
    <system-out><![CDATA[20:22:47.229 [main] INFO org.springframework.test.context.support.AnnotationConfigContextLoaderUtils -- Could not detect default configuration classes for test class [com.example.TaskMgmt.TaskMgmtApplicationTests]: TaskMgmtApplicationTests does not declare any static, non-private, non-final, nested classes annotated with @Configuration.
20:22:47.474 [main] INFO org.springframework.boot.test.context.SpringBootTestContextBootstrapper -- Found @SpringBootConfiguration com.example.TaskMgmt.TaskMgmtApplication for test class com.example.TaskMgmt.TaskMgmtApplicationTests

  .   ____          _            __ _ _
 /\\ / ___'_ __ _ _(_)_ __  __ _ \ \ \ \
( ( )\___ | '_ | '_| | '_ \/ _` | \ \ \ \
 \\/  ___)| |_)| | | | | || (_| |  ) ) ) )
  '  |____| .__|_| |_|_| |_\__, | / / / /
 =========|_|==============|___/=/_/_/_/

 :: Spring Boot ::                (v3.4.4)

2025-04-11T20:22:48.980+05:30  INFO 18164 --- [TaskMgmt] [           main] c.e.TaskMgmt.TaskMgmtApplicationTests    : Starting TaskMgmtApplicationTests using Java 17.0.8 with PID 18164 (started by acer in C:\Users\acer\Documents\TaskMgmtZidio\TaskMgmt)
2025-04-11T20:22:48.987+05:30  INFO 18164 --- [TaskMgmt] [           main] c.e.TaskMgmt.TaskMgmtApplicationTests    : No active profile set, falling back to 1 default profile: "default"
2025-04-11T20:22:51.683+05:30  INFO 18164 --- [TaskMgmt] [           main] .s.d.r.c.RepositoryConfigurationDelegate : Bootstrapping Spring Data JPA repositories in DEFAULT mode.
2025-04-11T20:22:51.804+05:30  INFO 18164 --- [TaskMgmt] [           main] .s.d.r.c.RepositoryConfigurationDelegate : Finished Spring Data repository scanning in 66 ms. Found 0 JPA repository interfaces.
2025-04-11T20:22:53.484+05:30  INFO 18164 --- [TaskMgmt] [           main] o.hibernate.jpa.internal.util.LogHelper  : HHH000204: Processing PersistenceUnitInfo [name: default]
2025-04-11T20:22:53.882+05:30  INFO 18164 --- [TaskMgmt] [           main] org.hibernate.Version                    : HHH000412: Hibernate ORM core version 6.6.11.Final
2025-04-11T20:22:54.119+05:30  INFO 18164 --- [TaskMgmt] [           main] o.h.c.internal.RegionFactoryInitiator    : HHH000026: Second-level cache disabled
2025-04-11T20:22:55.936+05:30  INFO 18164 --- [TaskMgmt] [           main] o.s.o.j.p.SpringPersistenceUnitInfo      : No LoadTimeWeaver setup: ignoring JPA class transformer
2025-04-11T20:22:56.090+05:30  INFO 18164 --- [TaskMgmt] [           main] com.zaxxer.hikari.HikariDataSource       : HikariPool-1 - Starting...
2025-04-11T20:22:56.734+05:30  INFO 18164 --- [TaskMgmt] [           main] com.zaxxer.hikari.pool.HikariPool        : HikariPool-1 - Added connection com.mysql.cj.jdbc.ConnectionImpl@6987a133
2025-04-11T20:22:56.743+05:30  INFO 18164 --- [TaskMgmt] [           main] com.zaxxer.hikari.HikariDataSource       : HikariPool-1 - Start completed.
2025-04-11T20:22:56.957+05:30  WARN 18164 --- [TaskMgmt] [           main] org.hibernate.dialect.Dialect            : HHH000511: The 5.5.62 version for [org.hibernate.dialect.MySQLDialect] is no longer supported, hence certain features may not work properly. The minimum supported version is 8.0.0. Check the community dialects project for available legacy versions.
2025-04-11T20:22:56.979+05:30  WARN 18164 --- [TaskMgmt] [           main] org.hibernate.orm.deprecation            : HHH90000025: MySQLDialect does not need to be specified explicitly using 'hibernate.dialect' (remove the property setting and it will be selected by default)
2025-04-11T20:22:57.113+05:30  INFO 18164 --- [TaskMgmt] [           main] org.hibernate.orm.connections.pooling    : HHH10001005: Database info:
	Database JDBC URL [Connecting through datasource 'HikariDataSource (HikariPool-1)']
	Database driver: undefined/unknown
	Database version: 5.5.62
	Autocommit mode: undefined/unknown
	Isolation level: undefined/unknown
	Minimum pool size: undefined/unknown
	Maximum pool size: undefined/unknown
2025-04-11T20:22:58.437+05:30  INFO 18164 --- [TaskMgmt] [           main] o.h.e.t.j.p.i.JtaPlatformInitiator       : HHH000489: No JTA platform available (set 'hibernate.transaction.jta.platform' to enable JTA platform integration)
2025-04-11T20:22:58.449+05:30  INFO 18164 --- [TaskMgmt] [           main] j.LocalContainerEntityManagerFactoryBean : Initialized JPA EntityManagerFactory for persistence unit 'default'
2025-04-11T20:22:59.110+05:30  WARN 18164 --- [TaskMgmt] [           main] JpaBaseConfiguration$JpaWebConfiguration : spring.jpa.open-in-view is enabled by default. Therefore, database queries may be performed during view rendering. Explicitly configure spring.jpa.open-in-view to disable this warning
2025-04-11T20:22:59.226+05:30  INFO 18164 --- [TaskMgmt] [           main] o.s.b.a.w.s.WelcomePageHandlerMapping    : Adding welcome page template: index
2025-04-11T20:23:00.992+05:30  INFO 18164 --- [TaskMgmt] [           main] c.e.TaskMgmt.TaskMgmtApplicationTests    : Started TaskMgmtApplicationTests in 13.025 seconds (process running for 15.604)
]]></system-out>
  </testcase>
</testsuite>